<?xml version="1.0" encoding="UTF-8"?>
<!-- Generated by org.testng.reporters.JUnitReportReporter -->
<testsuite hostname="DELL-RnD" failures="0" tests="1" name="Com.Test.Home" time="3.508" errors="0" timestamp="2023-02-22T18:05:34 IST" skipped="0">
  <testcase classname="Com.Test.Home" name="testHomeLink" time="3.508"/>
  <system-out/>
</testsuite> <!-- Com.Test.Home -->
