<?xml version="1.0" encoding="UTF-8"?>
<!-- Generated by org.testng.reporters.JUnitReportReporter -->
<testsuite hostname="DELL-RnD" failures="0" tests="2" name="Com.Test.ParentTest" time="0.027" errors="0" timestamp="2023-03-11T16:22:46 IST" skipped="0">
  <testcase classname="Com.Test.ParentTest" name="childTest" time="0.016"/>
  <system-out/>
  <testcase classname="Com.Test.ParentTest" name="parentTest" time="0.011"/>
  <system-out/>
</testsuite> <!-- Com.Test.ParentTest -->
