<?xml version="1.0" encoding="UTF-8"?>
<!-- Generated by org.testng.reporters.JUnitReportReporter -->
<testsuite hostname="DELL-RnD" failures="0" tests="1" name="Com.Test.Gallery" time="2.395" errors="1" timestamp="2023-03-02T15:52:30 IST" skipped="0">
  <testcase classname="Com.Test.Gallery" name="clicktheGallery" time="2.395">
    <error type="java.lang.StackOverflowError">
      <![CDATA[java.lang.StackOverflowError
at Com.Test.Gallery.clicktheGallery(Gallery.java:19)
at Com.Test.Gallery.clicktheGallery(Gallery.java:19)
at Com.Test.Gallery.clicktheGallery(Gallery.java:19)
at Com.Test.Gallery.clicktheGallery(Gallery.java:19)
at Com.Test.Gallery.clicktheGallery(Gallery.java:19)
at Com.Test.Gallery.clicktheGallery(Gallery.java:19)
at Com.Test.Gallery.clicktheGallery(Gallery.java:19)
at Com.Test.Gallery.clicktheGallery(Gallery.java:19)
at Com.Test.Gallery.clicktheGallery(Gallery.java:19)
at Com.Test.Gallery.clicktheGallery(Gallery.java:19)
at Com.Test.Gallery.clicktheGallery(Gallery.java:19)
at Com.Test.Gallery.clicktheGallery(Gallery.java:19)
at Com.Test.Gallery.clicktheGallery(Gallery.java:19)
at Com.Test.Gallery.clicktheGallery(Gallery.java:19)
at Com.Test.Gallery.clicktheGallery(Gallery.java:19)
at Com.Test.Gallery.clicktheGallery(Gallery.java:19)
at Com.Test.Gallery.clicktheGallery(Gallery.java:19)
at Com.Test.Gallery.clicktheGallery(Gallery.java:19)
at Com.Test.Gallery.clicktheGallery(Gallery.java:19)
at Com.Test.Gallery.clicktheGallery(Gallery.java:19)
at Com.Test.Gallery.clicktheGallery(Gallery.java:19)
at Com.Test.Gallery.clicktheGallery(Gallery.java:19)
at Com.Test.Gallery.clicktheGallery(Gallery.java:19)
at Com.Test.Gallery.clicktheGallery(Gallery.java:19)
at Com.Test.Gallery.clicktheGallery(Gallery.java:19)
at Com.Test.Gallery.clicktheGallery(Gallery.java:19)
at Com.Test.Gallery.clicktheGallery(Gallery.java:19)
at Com.Test.Gallery.clicktheGallery(Gallery.java:19)
at Com.Test.Gallery.clicktheGallery(Gallery.java:19)
at Com.Test.Gallery.clicktheGallery(Gallery.java:19)
at Com.Test.Gallery.clicktheGallery(Gallery.java:19)
at Com.Test.Gallery.clicktheGallery(Gallery.java:19)
at Com.Test.Gallery.clicktheGallery(Gallery.java:19)
at Com.Test.Gallery.clicktheGallery(Gallery.java:19)
at Com.Test.Gallery.clicktheGallery(Gallery.java:19)
at Com.Test.Gallery.clicktheGallery(Gallery.java:19)
at Com.Test.Gallery.clicktheGallery(Gallery.java:19)
at Com.Test.Gallery.clicktheGallery(Gallery.java:19)
at Com.Test.Gallery.clicktheGallery(Gallery.java:19)
at Com.Test.Gallery.clicktheGallery(Gallery.java:19)
at Com.Test.Gallery.clicktheGallery(Gallery.java:19)
at Com.Test.Gallery.clicktheGallery(Gallery.java:19)
at Com.Test.Gallery.clicktheGallery(Gallery.java:19)
at Com.Test.Gallery.clicktheGallery(Gallery.java:19)
at Com.Test.Gallery.clicktheGallery(Gallery.java:19)
at Com.Test.Gallery.clicktheGallery(Gallery.java:19)
at Com.Test.Gallery.clicktheGallery(Gallery.java:19)
at Com.Test.Gallery.clicktheGallery(Gallery.java:19)
at Com.Test.Gallery.clicktheGallery(Gallery.java:19)
at Com.Test.Gallery.clicktheGallery(Gallery.java:19)
at Com.Test.Gallery.clicktheGallery(Gallery.java:19)
at Com.Test.Gallery.clicktheGallery(Gallery.java:19)
at Com.Test.Gallery.clicktheGallery(Gallery.java:19)
at Com.Test.Gallery.clicktheGallery(Gallery.java:19)
at Com.Test.Gallery.clicktheGallery(Gallery.java:19)
at Com.Test.Gallery.clicktheGallery(Gallery.java:19)
at Com.Test.Gallery.clicktheGallery(Gallery.java:19)
at Com.Test.Gallery.clicktheGallery(Gallery.java:19)
at Com.Test.Gallery.clicktheGallery(Gallery.java:19)
at Com.Test.Gallery.clicktheGallery(Gallery.java:19)
at Com.Test.Gallery.clicktheGallery(Gallery.java:19)
at Com.Test.Gallery.clicktheGallery(Gallery.java:19)
at Com.Test.Gallery.clicktheGallery(Gallery.java:19)
at Com.Test.Gallery.clicktheGallery(Gallery.java:19)
at Com.Test.Gallery.clicktheGallery(Gallery.java:19)
at Com.Test.Gallery.clicktheGallery(Gallery.java:19)
at Com.Test.Gallery.clicktheGallery(Gallery.java:19)
at Com.Test.Gallery.clicktheGallery(Gallery.java:19)
at Com.Test.Gallery.clicktheGallery(Gallery.java:19)
at Com.Test.Gallery.clicktheGallery(Gallery.java:19)
at Com.Test.Gallery.clicktheGallery(Gallery.java:19)
at Com.Test.Gallery.clicktheGallery(Gallery.java:19)
at Com.Test.Gallery.clicktheGallery(Gallery.java:19)
at Com.Test.Gallery.clicktheGallery(Gallery.java:19)
at Com.Test.Gallery.clicktheGallery(Gallery.java:19)
at Com.Test.Gallery.clicktheGallery(Gallery.java:19)
at Com.Test.Gallery.clicktheGallery(Gallery.java:19)
at Com.Test.Gallery.clicktheGallery(Gallery.java:19)
at Com.Test.Gallery.clicktheGallery(Gallery.java:19)
at Com.Test.Gallery.clicktheGallery(Gallery.java:19)
at Com.Test.Gallery.clicktheGallery(Gallery.java:19)
at Com.Test.Gallery.clicktheGallery(Gallery.java:19)
at Com.Test.Gallery.clicktheGallery(Gallery.java:19)
at Com.Test.Gallery.clicktheGallery(Gallery.java:19)
at Com.Test.Gallery.clicktheGallery(Gallery.java:19)
at Com.Test.Gallery.clicktheGallery(Gallery.java:19)
at Com.Test.Gallery.clicktheGallery(Gallery.java:19)
at Com.Test.Gallery.clicktheGallery(Gallery.java:19)
at Com.Test.Gallery.clicktheGallery(Gallery.java:19)
at Com.Test.Gallery.clicktheGallery(Gallery.java:19)
at Com.Test.Gallery.clicktheGallery(Gallery.java:19)
at Com.Test.Gallery.clicktheGallery(Gallery.java:19)
at Com.Test.Gallery.clicktheGallery(Gallery.java:19)
at Com.Test.Gallery.clicktheGallery(Gallery.java:19)
at Com.Test.Gallery.clicktheGallery(Gallery.java:19)
at Com.Test.Gallery.clicktheGallery(Gallery.java:19)
at Com.Test.Gallery.clicktheGallery(Gallery.java:19)
at Com.Test.Gallery.clicktheGallery(Gallery.java:19)
at Com.Test.Gallery.clicktheGallery(Gallery.java:19)
at Com.Test.Gallery.clicktheGallery(Gallery.java:19)
at Com.Test.Gallery.clicktheGallery(Gallery.java:19)
at Com.Test.Gallery.clicktheGallery(Gallery.java:19)
at Com.Test.Gallery.clicktheGallery(Gallery.java:19)
at Com.Test.Gallery.clicktheGallery(Gallery.java:19)
at Com.Test.Gallery.clicktheGallery(Gallery.java:19)
at Com.Test.Gallery.clicktheGallery(Gallery.java:19)
at Com.Test.Gallery.clicktheGallery(Gallery.java:19)
at Com.Test.Gallery.clicktheGallery(Gallery.java:19)
at Com.Test.Gallery.clicktheGallery(Gallery.java:19)
at Com.Test.Gallery.clicktheGallery(Gallery.java:19)
at Com.Test.Gallery.clicktheGallery(Gallery.java:19)
at Com.Test.Gallery.clicktheGallery(Gallery.java:19)
at Com.Test.Gallery.clicktheGallery(Gallery.java:19)
at Com.Test.Gallery.clicktheGallery(Gallery.java:19)
at Com.Test.Gallery.clicktheGallery(Gallery.java:19)
at Com.Test.Gallery.clicktheGallery(Gallery.java:19)
at Com.Test.Gallery.clicktheGallery(Gallery.java:19)
at Com.Test.Gallery.clicktheGallery(Gallery.java:19)
at Com.Test.Gallery.clicktheGallery(Gallery.java:19)
at Com.Test.Gallery.clicktheGallery(Gallery.java:19)
at Com.Test.Gallery.clicktheGallery(Gallery.java:19)
at Com.Test.Gallery.clicktheGallery(Gallery.java:19)
at Com.Test.Gallery.clicktheGallery(Gallery.java:19)
at Com.Test.Gallery.clicktheGallery(Gallery.java:19)
at Com.Test.Gallery.clicktheGallery(Gallery.java:19)
at Com.Test.Gallery.clicktheGallery(Gallery.java:19)
at Com.Test.Gallery.clicktheGallery(Gallery.java:19)
at Com.Test.Gallery.clicktheGallery(Gallery.java:19)
at Com.Test.Gallery.clicktheGallery(Gallery.java:19)
at Com.Test.Gallery.clicktheGallery(Gallery.java:19)
at Com.Test.Gallery.clicktheGallery(Gallery.java:19)
at Com.Test.Gallery.clicktheGallery(Gallery.java:19)
at Com.Test.Gallery.clicktheGallery(Gallery.java:19)
at Com.Test.Gallery.clicktheGallery(Gallery.java:19)
at Com.Test.Gallery.clicktheGallery(Gallery.java:19)
at Com.Test.Gallery.clicktheGallery(Gallery.java:19)
at Com.Test.Gallery.clicktheGallery(Gallery.java:19)
at Com.Test.Gallery.clicktheGallery(Gallery.java:19)
at Com.Test.Gallery.clicktheGallery(Gallery.java:19)
at Com.Test.Gallery.clicktheGallery(Gallery.java:19)
at Com.Test.Gallery.clicktheGallery(Gallery.java:19)
at Com.Test.Gallery.clicktheGallery(Gallery.java:19)
at Com.Test.Gallery.clicktheGallery(Gallery.java:19)
at Com.Test.Gallery.clicktheGallery(Gallery.java:19)
at Com.Test.Gallery.clicktheGallery(Gallery.java:19)
at Com.Test.Gallery.clicktheGallery(Gallery.java:19)
at Com.Test.Gallery.clicktheGallery(Gallery.java:19)
at Com.Test.Gallery.clicktheGallery(Gallery.java:19)
at Com.Test.Gallery.clicktheGallery(Gallery.java:19)
at Com.Test.Gallery.clicktheGallery(Gallery.java:19)
at Com.Test.Gallery.clicktheGallery(Gallery.java:19)
at Com.Test.Gallery.clicktheGallery(Gallery.java:19)
at Com.Test.Gallery.clicktheGallery(Gallery.java:19)
at Com.Test.Gallery.clicktheGallery(Gallery.java:19)
at Com.Test.Gallery.clicktheGallery(Gallery.java:19)
at Com.Test.Gallery.clicktheGallery(Gallery.java:19)
at Com.Test.Gallery.clicktheGallery(Gallery.java:19)
at Com.Test.Gallery.clicktheGallery(Gallery.java:19)
at Com.Test.Gallery.clicktheGallery(Gallery.java:19)
at Com.Test.Gallery.clicktheGallery(Gallery.java:19)
at Com.Test.Gallery.clicktheGallery(Gallery.java:19)
at Com.Test.Gallery.clicktheGallery(Gallery.java:19)
at Com.Test.Gallery.clicktheGallery(Gallery.java:19)
at Com.Test.Gallery.clicktheGallery(Gallery.java:19)
at Com.Test.Gallery.clicktheGallery(Gallery.java:19)
at Com.Test.Gallery.clicktheGallery(Gallery.java:19)
at Com.Test.Gallery.clicktheGallery(Gallery.java:19)
at Com.Test.Gallery.clicktheGallery(Gallery.java:19)
at Com.Test.Gallery.clicktheGallery(Gallery.java:19)
at Com.Test.Gallery.clicktheGallery(Gallery.java:19)
at Com.Test.Gallery.clicktheGallery(Gallery.java:19)
at Com.Test.Gallery.clicktheGallery(Gallery.java:19)
at Com.Test.Gallery.clicktheGallery(Gallery.java:19)
at Com.Test.Gallery.clicktheGallery(Gallery.java:19)
at Com.Test.Gallery.clicktheGallery(Gallery.java:19)
at Com.Test.Gallery.clicktheGallery(Gallery.java:19)
at Com.Test.Gallery.clicktheGallery(Gallery.java:19)
at Com.Test.Gallery.clicktheGallery(Gallery.java:19)
at Com.Test.Gallery.clicktheGallery(Gallery.java:19)
at Com.Test.Gallery.clicktheGallery(Gallery.java:19)
at Com.Test.Gallery.clicktheGallery(Gallery.java:19)
at Com.Test.Gallery.clicktheGallery(Gallery.java:19)
at Com.Test.Gallery.clicktheGallery(Gallery.java:19)
at Com.Test.Gallery.clicktheGallery(Gallery.java:19)
at Com.Test.Gallery.clicktheGallery(Gallery.java:19)
at Com.Test.Gallery.clicktheGallery(Gallery.java:19)
at Com.Test.Gallery.clicktheGallery(Gallery.java:19)
at Com.Test.Gallery.clicktheGallery(Gallery.java:19)
at Com.Test.Gallery.clicktheGallery(Gallery.java:19)
at Com.Test.Gallery.clicktheGallery(Gallery.java:19)
at Com.Test.Gallery.clicktheGallery(Gallery.java:19)
at Com.Test.Gallery.clicktheGallery(Gallery.java:19)
at Com.Test.Gallery.clicktheGallery(Gallery.java:19)
at Com.Test.Gallery.clicktheGallery(Gallery.java:19)
at Com.Test.Gallery.clicktheGallery(Gallery.java:19)
at Com.Test.Gallery.clicktheGallery(Gallery.java:19)
at Com.Test.Gallery.clicktheGallery(Gallery.java:19)
at Com.Test.Gallery.clicktheGallery(Gallery.java:19)
at Com.Test.Gallery.clicktheGallery(Gallery.java:19)
at Com.Test.Gallery.clicktheGallery(Gallery.java:19)
at Com.Test.Gallery.clicktheGallery(Gallery.java:19)
at Com.Test.Gallery.clicktheGallery(Gallery.java:19)
at Com.Test.Gallery.clicktheGallery(Gallery.java:19)
at Com.Test.Gallery.clicktheGallery(Gallery.java:19)
at Com.Test.Gallery.clicktheGallery(Gallery.java:19)
at Com.Test.Gallery.clicktheGallery(Gallery.java:19)
at Com.Test.Gallery.clicktheGallery(Gallery.java:19)
at Com.Test.Gallery.clicktheGallery(Gallery.java:19)
at Com.Test.Gallery.clicktheGallery(Gallery.java:19)
at Com.Test.Gallery.clicktheGallery(Gallery.java:19)
at Com.Test.Gallery.clicktheGallery(Gallery.java:19)
at Com.Test.Gallery.clicktheGallery(Gallery.java:19)
at Com.Test.Gallery.clicktheGallery(Gallery.java:19)
at Com.Test.Gallery.clicktheGallery(Gallery.java:19)
at Com.Test.Gallery.clicktheGallery(Gallery.java:19)
at Com.Test.Gallery.clicktheGallery(Gallery.java:19)
at Com.Test.Gallery.clicktheGallery(Gallery.java:19)
at Com.Test.Gallery.clicktheGallery(Gallery.java:19)
at Com.Test.Gallery.clicktheGallery(Gallery.java:19)
at Com.Test.Gallery.clicktheGallery(Gallery.java:19)
at Com.Test.Gallery.clicktheGallery(Gallery.java:19)
at Com.Test.Gallery.clicktheGallery(Gallery.java:19)
at Com.Test.Gallery.clicktheGallery(Gallery.java:19)
at Com.Test.Gallery.clicktheGallery(Gallery.java:19)
at Com.Test.Gallery.clicktheGallery(Gallery.java:19)
at Com.Test.Gallery.clicktheGallery(Gallery.java:19)
at Com.Test.Gallery.clicktheGallery(Gallery.java:19)
at Com.Test.Gallery.clicktheGallery(Gallery.java:19)
at Com.Test.Gallery.clicktheGallery(Gallery.java:19)
at Com.Test.Gallery.clicktheGallery(Gallery.java:19)
at Com.Test.Gallery.clicktheGallery(Gallery.java:19)
at Com.Test.Gallery.clicktheGallery(Gallery.java:19)
at Com.Test.Gallery.clicktheGallery(Gallery.java:19)
at Com.Test.Gallery.clicktheGallery(Gallery.java:19)
at Com.Test.Gallery.clicktheGallery(Gallery.java:19)
at Com.Test.Gallery.clicktheGallery(Gallery.java:19)
at Com.Test.Gallery.clicktheGallery(Gallery.java:19)
at Com.Test.Gallery.clicktheGallery(Gallery.java:19)
at Com.Test.Gallery.clicktheGallery(Gallery.java:19)
at Com.Test.Gallery.clicktheGallery(Gallery.java:19)
at Com.Test.Gallery.clicktheGallery(Gallery.java:19)
at Com.Test.Gallery.clicktheGallery(Gallery.java:19)
at Com.Test.Gallery.clicktheGallery(Gallery.java:19)
at Com.Test.Gallery.clicktheGallery(Gallery.java:19)
at Com.Test.Gallery.clicktheGallery(Gallery.java:19)
at Com.Test.Gallery.clicktheGallery(Gallery.java:19)
at Com.Test.Gallery.clicktheGallery(Gallery.java:19)
at Com.Test.Gallery.clicktheGallery(Gallery.java:19)
at Com.Test.Gallery.clicktheGallery(Gallery.java:19)
at Com.Test.Gallery.clicktheGallery(Gallery.java:19)
at Com.Test.Gallery.clicktheGallery(Gallery.java:19)
at Com.Test.Gallery.clicktheGallery(Gallery.java:19)
at Com.Test.Gallery.clicktheGallery(Gallery.java:19)
at Com.Test.Gallery.clicktheGallery(Gallery.java:19)
at Com.Test.Gallery.clicktheGallery(Gallery.java:19)
at Com.Test.Gallery.clicktheGallery(Gallery.java:19)
at Com.Test.Gallery.clicktheGallery(Gallery.java:19)
at Com.Test.Gallery.clicktheGallery(Gallery.java:19)
at Com.Test.Gallery.clicktheGallery(Gallery.java:19)
at Com.Test.Gallery.clicktheGallery(Gallery.java:19)
at Com.Test.Gallery.clicktheGallery(Gallery.java:19)
at Com.Test.Gallery.clicktheGallery(Gallery.java:19)
at Com.Test.Gallery.clicktheGallery(Gallery.java:19)
at Com.Test.Gallery.clicktheGallery(Gallery.java:19)
at Com.Test.Gallery.clicktheGallery(Gallery.java:19)
at Com.Test.Gallery.clicktheGallery(Gallery.java:19)
at Com.Test.Gallery.clicktheGallery(Gallery.java:19)
at Com.Test.Gallery.clicktheGallery(Gallery.java:19)
at Com.Test.Gallery.clicktheGallery(Gallery.java:19)
at Com.Test.Gallery.clicktheGallery(Gallery.java:19)
at Com.Test.Gallery.clicktheGallery(Gallery.java:19)
at Com.Test.Gallery.clicktheGallery(Gallery.java:19)
at Com.Test.Gallery.clicktheGallery(Gallery.java:19)
at Com.Test.Gallery.clicktheGallery(Gallery.java:19)
at Com.Test.Gallery.clicktheGallery(Gallery.java:19)
at Com.Test.Gallery.clicktheGallery(Gallery.java:19)
at Com.Test.Gallery.clicktheGallery(Gallery.java:19)
at Com.Test.Gallery.clicktheGallery(Gallery.java:19)
at Com.Test.Gallery.clicktheGallery(Gallery.java:19)
at Com.Test.Gallery.clicktheGallery(Gallery.java:19)
at Com.Test.Gallery.clicktheGallery(Gallery.java:19)
at Com.Test.Gallery.clicktheGallery(Gallery.java:19)
at Com.Test.Gallery.clicktheGallery(Gallery.java:19)
at Com.Test.Gallery.clicktheGallery(Gallery.java:19)
at Com.Test.Gallery.clicktheGallery(Gallery.java:19)
at Com.Test.Gallery.clicktheGallery(Gallery.java:19)
at Com.Test.Gallery.clicktheGallery(Gallery.java:19)
at Com.Test.Gallery.clicktheGallery(Gallery.java:19)
at Com.Test.Gallery.clicktheGallery(Gallery.java:19)
at Com.Test.Gallery.clicktheGallery(Gallery.java:19)
at Com.Test.Gallery.clicktheGallery(Gallery.java:19)
at Com.Test.Gallery.clicktheGallery(Gallery.java:19)
at Com.Test.Gallery.clicktheGallery(Gallery.java:19)
at Com.Test.Gallery.clicktheGallery(Gallery.java:19)
at Com.Test.Gallery.clicktheGallery(Gallery.java:19)
at Com.Test.Gallery.clicktheGallery(Gallery.java:19)
at Com.Test.Gallery.clicktheGallery(Gallery.java:19)
at Com.Test.Gallery.clicktheGallery(Gallery.java:19)
at Com.Test.Gallery.clicktheGallery(Gallery.java:19)
at Com.Test.Gallery.clicktheGallery(Gallery.java:19)
at Com.Test.Gallery.clicktheGallery(Gallery.java:19)
at Com.Test.Gallery.clicktheGallery(Gallery.java:19)
at Com.Test.Gallery.clicktheGallery(Gallery.java:19)
at Com.Test.Gallery.clicktheGallery(Gallery.java:19)
at Com.Test.Gallery.clicktheGallery(Gallery.java:19)
at Com.Test.Gallery.clicktheGallery(Gallery.java:19)
at Com.Test.Gallery.clicktheGallery(Gallery.java:19)
at Com.Test.Gallery.clicktheGallery(Gallery.java:19)
at Com.Test.Gallery.clicktheGallery(Gallery.java:19)
at Com.Test.Gallery.clicktheGallery(Gallery.java:19)
at Com.Test.Gallery.clicktheGallery(Gallery.java:19)
at Com.Test.Gallery.clicktheGallery(Gallery.java:19)
at Com.Test.Gallery.clicktheGallery(Gallery.java:19)
at Com.Test.Gallery.clicktheGallery(Gallery.java:19)
at Com.Test.Gallery.clicktheGallery(Gallery.java:19)
at Com.Test.Gallery.clicktheGallery(Gallery.java:19)
at Com.Test.Gallery.clicktheGallery(Gallery.java:19)
at Com.Test.Gallery.clicktheGallery(Gallery.java:19)
at Com.Test.Gallery.clicktheGallery(Gallery.java:19)
at Com.Test.Gallery.clicktheGallery(Gallery.java:19)
at Com.Test.Gallery.clicktheGallery(Gallery.java:19)
at Com.Test.Gallery.clicktheGallery(Gallery.java:19)
at Com.Test.Gallery.clicktheGallery(Gallery.java:19)
at Com.Test.Gallery.clicktheGallery(Gallery.java:19)
at Com.Test.Gallery.clicktheGallery(Gallery.java:19)
at Com.Test.Gallery.clicktheGallery(Gallery.java:19)
at Com.Test.Gallery.clicktheGallery(Gallery.java:19)
at Com.Test.Gallery.clicktheGallery(Gallery.java:19)
at Com.Test.Gallery.clicktheGallery(Gallery.java:19)
at Com.Test.Gallery.clicktheGallery(Gallery.java:19)
at Com.Test.Gallery.clicktheGallery(Gallery.java:19)
at Com.Test.Gallery.clicktheGallery(Gallery.java:19)
at Com.Test.Gallery.clicktheGallery(Gallery.java:19)
at Com.Test.Gallery.clicktheGallery(Gallery.java:19)
at Com.Test.Gallery.clicktheGallery(Gallery.java:19)
at Com.Test.Gallery.clicktheGallery(Gallery.java:19)
at Com.Test.Gallery.clicktheGallery(Gallery.java:19)
at Com.Test.Gallery.clicktheGallery(Gallery.java:19)
at Com.Test.Gallery.clicktheGallery(Gallery.java:19)
at Com.Test.Gallery.clicktheGallery(Gallery.java:19)
at Com.Test.Gallery.clicktheGallery(Gallery.java:19)
at Com.Test.Gallery.clicktheGallery(Gallery.java:19)
at Com.Test.Gallery.clicktheGallery(Gallery.java:19)
at Com.Test.Gallery.clicktheGallery(Gallery.java:19)
at Com.Test.Gallery.clicktheGallery(Gallery.java:19)
at Com.Test.Gallery.clicktheGallery(Gallery.java:19)
at Com.Test.Gallery.clicktheGallery(Gallery.java:19)
at Com.Test.Gallery.clicktheGallery(Gallery.java:19)
at Com.Test.Gallery.clicktheGallery(Gallery.java:19)
at Com.Test.Gallery.clicktheGallery(Gallery.java:19)
at Com.Test.Gallery.clicktheGallery(Gallery.java:19)
at Com.Test.Gallery.clicktheGallery(Gallery.java:19)
at Com.Test.Gallery.clicktheGallery(Gallery.java:19)
at Com.Test.Gallery.clicktheGallery(Gallery.java:19)
at Com.Test.Gallery.clicktheGallery(Gallery.java:19)
at Com.Test.Gallery.clicktheGallery(Gallery.java:19)
at Com.Test.Gallery.clicktheGallery(Gallery.java:19)
at Com.Test.Gallery.clicktheGallery(Gallery.java:19)
at Com.Test.Gallery.clicktheGallery(Gallery.java:19)
at Com.Test.Gallery.clicktheGallery(Gallery.java:19)
at Com.Test.Gallery.clicktheGallery(Gallery.java:19)
at Com.Test.Gallery.clicktheGallery(Gallery.java:19)
at Com.Test.Gallery.clicktheGallery(Gallery.java:19)
at Com.Test.Gallery.clicktheGallery(Gallery.java:19)
at Com.Test.Gallery.clicktheGallery(Gallery.java:19)
at Com.Test.Gallery.clicktheGallery(Gallery.java:19)
at Com.Test.Gallery.clicktheGallery(Gallery.java:19)
at Com.Test.Gallery.clicktheGallery(Gallery.java:19)
at Com.Test.Gallery.clicktheGallery(Gallery.java:19)
at Com.Test.Gallery.clicktheGallery(Gallery.java:19)
at Com.Test.Gallery.clicktheGallery(Gallery.java:19)
at Com.Test.Gallery.clicktheGallery(Gallery.java:19)
at Com.Test.Gallery.clicktheGallery(Gallery.java:19)
at Com.Test.Gallery.clicktheGallery(Gallery.java:19)
at Com.Test.Gallery.clicktheGallery(Gallery.java:19)
at Com.Test.Gallery.clicktheGallery(Gallery.java:19)
at Com.Test.Gallery.clicktheGallery(Gallery.java:19)
at Com.Test.Gallery.clicktheGallery(Gallery.java:19)
at Com.Test.Gallery.clicktheGallery(Gallery.java:19)
at Com.Test.Gallery.clicktheGallery(Gallery.java:19)
at Com.Test.Gallery.clicktheGallery(Gallery.java:19)
at Com.Test.Gallery.clicktheGallery(Gallery.java:19)
at Com.Test.Gallery.clicktheGallery(Gallery.java:19)
at Com.Test.Gallery.clicktheGallery(Gallery.java:19)
at Com.Test.Gallery.clicktheGallery(Gallery.java:19)
at Com.Test.Gallery.clicktheGallery(Gallery.java:19)
at Com.Test.Gallery.clicktheGallery(Gallery.java:19)
at Com.Test.Gallery.clicktheGallery(Gallery.java:19)
at Com.Test.Gallery.clicktheGallery(Gallery.java:19)
at Com.Test.Gallery.clicktheGallery(Gallery.java:19)
at Com.Test.Gallery.clicktheGallery(Gallery.java:19)
at Com.Test.Gallery.clicktheGallery(Gallery.java:19)
at Com.Test.Gallery.clicktheGallery(Gallery.java:19)
at Com.Test.Gallery.clicktheGallery(Gallery.java:19)
at Com.Test.Gallery.clicktheGallery(Gallery.java:19)
at Com.Test.Gallery.clicktheGallery(Gallery.java:19)
at Com.Test.Gallery.clicktheGallery(Gallery.java:19)
at Com.Test.Gallery.clicktheGallery(Gallery.java:19)
at Com.Test.Gallery.clicktheGallery(Gallery.java:19)
at Com.Test.Gallery.clicktheGallery(Gallery.java:19)
at Com.Test.Gallery.clicktheGallery(Gallery.java:19)
at Com.Test.Gallery.clicktheGallery(Gallery.java:19)
at Com.Test.Gallery.clicktheGallery(Gallery.java:19)
at Com.Test.Gallery.clicktheGallery(Gallery.java:19)
at Com.Test.Gallery.clicktheGallery(Gallery.java:19)
at Com.Test.Gallery.clicktheGallery(Gallery.java:19)
at Com.Test.Gallery.clicktheGallery(Gallery.java:19)
at Com.Test.Gallery.clicktheGallery(Gallery.java:19)
at Com.Test.Gallery.clicktheGallery(Gallery.java:19)
at Com.Test.Gallery.clicktheGallery(Gallery.java:19)
at Com.Test.Gallery.clicktheGallery(Gallery.java:19)
at Com.Test.Gallery.clicktheGallery(Gallery.java:19)
at Com.Test.Gallery.clicktheGallery(Gallery.java:19)
at Com.Test.Gallery.clicktheGallery(Gallery.java:19)
at Com.Test.Gallery.clicktheGallery(Gallery.java:19)
at Com.Test.Gallery.clicktheGallery(Gallery.java:19)
at Com.Test.Gallery.clicktheGallery(Gallery.java:19)
at Com.Test.Gallery.clicktheGallery(Gallery.java:19)
at Com.Test.Gallery.clicktheGallery(Gallery.java:19)
at Com.Test.Gallery.clicktheGallery(Gallery.java:19)
at Com.Test.Gallery.clicktheGallery(Gallery.java:19)
at Com.Test.Gallery.clicktheGallery(Gallery.java:19)
at Com.Test.Gallery.clicktheGallery(Gallery.java:19)
at Com.Test.Gallery.clicktheGallery(Gallery.java:19)
at Com.Test.Gallery.clicktheGallery(Gallery.java:19)
at Com.Test.Gallery.clicktheGallery(Gallery.java:19)
at Com.Test.Gallery.clicktheGallery(Gallery.java:19)
at Com.Test.Gallery.clicktheGallery(Gallery.java:19)
at Com.Test.Gallery.clicktheGallery(Gallery.java:19)
at Com.Test.Gallery.clicktheGallery(Gallery.java:19)
at Com.Test.Gallery.clicktheGallery(Gallery.java:19)
at Com.Test.Gallery.clicktheGallery(Gallery.java:19)
at Com.Test.Gallery.clicktheGallery(Gallery.java:19)
at Com.Test.Gallery.clicktheGallery(Gallery.java:19)
at Com.Test.Gallery.clicktheGallery(Gallery.java:19)
at Com.Test.Gallery.clicktheGallery(Gallery.java:19)
at Com.Test.Gallery.clicktheGallery(Gallery.java:19)
at Com.Test.Gallery.clicktheGallery(Gallery.java:19)
at Com.Test.Gallery.clicktheGallery(Gallery.java:19)
at Com.Test.Gallery.clicktheGallery(Gallery.java:19)
at Com.Test.Gallery.clicktheGallery(Gallery.java:19)
at Com.Test.Gallery.clicktheGallery(Gallery.java:19)
at Com.Test.Gallery.clicktheGallery(Gallery.java:19)
at Com.Test.Gallery.clicktheGallery(Gallery.java:19)
at Com.Test.Gallery.clicktheGallery(Gallery.java:19)
at Com.Test.Gallery.clicktheGallery(Gallery.java:19)
at Com.Test.Gallery.clicktheGallery(Gallery.java:19)
at Com.Test.Gallery.clicktheGallery(Gallery.java:19)
at Com.Test.Gallery.clicktheGallery(Gallery.java:19)
at Com.Test.Gallery.clicktheGallery(Gallery.java:19)
at Com.Test.Gallery.clicktheGallery(Gallery.java:19)
at Com.Test.Gallery.clicktheGallery(Gallery.java:19)
at Com.Test.Gallery.clicktheGallery(Gallery.java:19)
at Com.Test.Gallery.clicktheGallery(Gallery.java:19)
at Com.Test.Gallery.clicktheGallery(Gallery.java:19)
at Com.Test.Gallery.clicktheGallery(Gallery.java:19)
at Com.Test.Gallery.clicktheGallery(Gallery.java:19)
at Com.Test.Gallery.clicktheGallery(Gallery.java:19)
at Com.Test.Gallery.clicktheGallery(Gallery.java:19)
at Com.Test.Gallery.clicktheGallery(Gallery.java:19)
at Com.Test.Gallery.clicktheGallery(Gallery.java:19)
at Com.Test.Gallery.clicktheGallery(Gallery.java:19)
at Com.Test.Gallery.clicktheGallery(Gallery.java:19)
at Com.Test.Gallery.clicktheGallery(Gallery.java:19)
at Com.Test.Gallery.clicktheGallery(Gallery.java:19)
at Com.Test.Gallery.clicktheGallery(Gallery.java:19)
at Com.Test.Gallery.clicktheGallery(Gallery.java:19)
at Com.Test.Gallery.clicktheGallery(Gallery.java:19)
at Com.Test.Gallery.clicktheGallery(Gallery.java:19)
at Com.Test.Gallery.clicktheGallery(Gallery.java:19)
at Com.Test.Gallery.clicktheGallery(Gallery.java:19)
at Com.Test.Gallery.clicktheGallery(Gallery.java:19)
at Com.Test.Gallery.clicktheGallery(Gallery.java:19)
at Com.Test.Gallery.clicktheGallery(Gallery.java:19)
at Com.Test.Gallery.clicktheGallery(Gallery.java:19)
at Com.Test.Gallery.clicktheGallery(Gallery.java:19)
at Com.Test.Gallery.clicktheGallery(Gallery.java:19)
at Com.Test.Gallery.clicktheGallery(Gallery.java:19)
at Com.Test.Gallery.clicktheGallery(Gallery.java:19)
at Com.Test.Gallery.clicktheGallery(Gallery.java:19)
at Com.Test.Gallery.clicktheGallery(Gallery.java:19)
at Com.Test.Gallery.clicktheGallery(Gallery.java:19)
at Com.Test.Gallery.clicktheGallery(Gallery.java:19)
at Com.Test.Gallery.clicktheGallery(Gallery.java:19)
at Com.Test.Gallery.clicktheGallery(Gallery.java:19)
at Com.Test.Gallery.clicktheGallery(Gallery.java:19)
at Com.Test.Gallery.clicktheGallery(Gallery.java:19)
at Com.Test.Gallery.clicktheGallery(Gallery.java:19)
at Com.Test.Gallery.clicktheGallery(Gallery.java:19)
at Com.Test.Gallery.clicktheGallery(Gallery.java:19)
at Com.Test.Gallery.clicktheGallery(Gallery.java:19)
at Com.Test.Gallery.clicktheGallery(Gallery.java:19)
at Com.Test.Gallery.clicktheGallery(Gallery.java:19)
at Com.Test.Gallery.clicktheGallery(Gallery.java:19)
at Com.Test.Gallery.clicktheGallery(Gallery.java:19)
at Com.Test.Gallery.clicktheGallery(Gallery.java:19)
at Com.Test.Gallery.clicktheGallery(Gallery.java:19)
at Com.Test.Gallery.clicktheGallery(Gallery.java:19)
at Com.Test.Gallery.clicktheGallery(Gallery.java:19)
at Com.Test.Gallery.clicktheGallery(Gallery.java:19)
at Com.Test.Gallery.clicktheGallery(Gallery.java:19)
at Com.Test.Gallery.clicktheGallery(Gallery.java:19)
at Com.Test.Gallery.clicktheGallery(Gallery.java:19)
at Com.Test.Gallery.clicktheGallery(Gallery.java:19)
at Com.Test.Gallery.clicktheGallery(Gallery.java:19)
at Com.Test.Gallery.clicktheGallery(Gallery.java:19)
at Com.Test.Gallery.clicktheGallery(Gallery.java:19)
at Com.Test.Gallery.clicktheGallery(Gallery.java:19)
at Com.Test.Gallery.clicktheGallery(Gallery.java:19)
at Com.Test.Gallery.clicktheGallery(Gallery.java:19)
at Com.Test.Gallery.clicktheGallery(Gallery.java:19)
at Com.Test.Gallery.clicktheGallery(Gallery.java:19)
at Com.Test.Gallery.clicktheGallery(Gallery.java:19)
at Com.Test.Gallery.clicktheGallery(Gallery.java:19)
at Com.Test.Gallery.clicktheGallery(Gallery.java:19)
at Com.Test.Gallery.clicktheGallery(Gallery.java:19)
at Com.Test.Gallery.clicktheGallery(Gallery.java:19)
at Com.Test.Gallery.clicktheGallery(Gallery.java:19)
at Com.Test.Gallery.clicktheGallery(Gallery.java:19)
at Com.Test.Gallery.clicktheGallery(Gallery.java:19)
at Com.Test.Gallery.clicktheGallery(Gallery.java:19)
at Com.Test.Gallery.clicktheGallery(Gallery.java:19)
at Com.Test.Gallery.clicktheGallery(Gallery.java:19)
at Com.Test.Gallery.clicktheGallery(Gallery.java:19)
at Com.Test.Gallery.clicktheGallery(Gallery.java:19)
at Com.Test.Gallery.clicktheGallery(Gallery.java:19)
at Com.Test.Gallery.clicktheGallery(Gallery.java:19)
at Com.Test.Gallery.clicktheGallery(Gallery.java:19)
at Com.Test.Gallery.clicktheGallery(Gallery.java:19)
at Com.Test.Gallery.clicktheGallery(Gallery.java:19)
at Com.Test.Gallery.clicktheGallery(Gallery.java:19)
at Com.Test.Gallery.clicktheGallery(Gallery.java:19)
at Com.Test.Gallery.clicktheGallery(Gallery.java:19)
at Com.Test.Gallery.clicktheGallery(Gallery.java:19)
at Com.Test.Gallery.clicktheGallery(Gallery.java:19)
at Com.Test.Gallery.clicktheGallery(Gallery.java:19)
at Com.Test.Gallery.clicktheGallery(Gallery.java:19)
at Com.Test.Gallery.clicktheGallery(Gallery.java:19)
at Com.Test.Gallery.clicktheGallery(Gallery.java:19)
at Com.Test.Gallery.clicktheGallery(Gallery.java:19)
at Com.Test.Gallery.clicktheGallery(Gallery.java:19)
at Com.Test.Gallery.clicktheGallery(Gallery.java:19)
at Com.Test.Gallery.clicktheGallery(Gallery.java:19)
at Com.Test.Gallery.clicktheGallery(Gallery.java:19)
at Com.Test.Gallery.clicktheGallery(Gallery.java:19)
at Com.Test.Gallery.clicktheGallery(Gallery.java:19)
at Com.Test.Gallery.clicktheGallery(Gallery.java:19)
at Com.Test.Gallery.clicktheGallery(Gallery.java:19)
at Com.Test.Gallery.clicktheGallery(Gallery.java:19)
at Com.Test.Gallery.clicktheGallery(Gallery.java:19)
at Com.Test.Gallery.clicktheGallery(Gallery.java:19)
at Com.Test.Gallery.clicktheGallery(Gallery.java:19)
at Com.Test.Gallery.clicktheGallery(Gallery.java:19)
at Com.Test.Gallery.clicktheGallery(Gallery.java:19)
at Com.Test.Gallery.clicktheGallery(Gallery.java:19)
at Com.Test.Gallery.clicktheGallery(Gallery.java:19)
at Com.Test.Gallery.clicktheGallery(Gallery.java:19)
at Com.Test.Gallery.clicktheGallery(Gallery.java:19)
at Com.Test.Gallery.clicktheGallery(Gallery.java:19)
at Com.Test.Gallery.clicktheGallery(Gallery.java:19)
at Com.Test.Gallery.clicktheGallery(Gallery.java:19)
at Com.Test.Gallery.clicktheGallery(Gallery.java:19)
at Com.Test.Gallery.clicktheGallery(Gallery.java:19)
at Com.Test.Gallery.clicktheGallery(Gallery.java:19)
at Com.Test.Gallery.clicktheGallery(Gallery.java:19)
at Com.Test.Gallery.clicktheGallery(Gallery.java:19)
at Com.Test.Gallery.clicktheGallery(Gallery.java:19)
at Com.Test.Gallery.clicktheGallery(Gallery.java:19)
at Com.Test.Gallery.clicktheGallery(Gallery.java:19)
at Com.Test.Gallery.clicktheGallery(Gallery.java:19)
at Com.Test.Gallery.clicktheGallery(Gallery.java:19)
at Com.Test.Gallery.clicktheGallery(Gallery.java:19)
at Com.Test.Gallery.clicktheGallery(Gallery.java:19)
at Com.Test.Gallery.clicktheGallery(Gallery.java:19)
at Com.Test.Gallery.clicktheGallery(Gallery.java:19)
at Com.Test.Gallery.clicktheGallery(Gallery.java:19)
at Com.Test.Gallery.clicktheGallery(Gallery.java:19)
at Com.Test.Gallery.clicktheGallery(Gallery.java:19)
at Com.Test.Gallery.clicktheGallery(Gallery.java:19)
at Com.Test.Gallery.clicktheGallery(Gallery.java:19)
at Com.Test.Gallery.clicktheGallery(Gallery.java:19)
at Com.Test.Gallery.clicktheGallery(Gallery.java:19)
at Com.Test.Gallery.clicktheGallery(Gallery.java:19)
at Com.Test.Gallery.clicktheGallery(Gallery.java:19)
at Com.Test.Gallery.clicktheGallery(Gallery.java:19)
at Com.Test.Gallery.clicktheGallery(Gallery.java:19)
at Com.Test.Gallery.clicktheGallery(Gallery.java:19)
at Com.Test.Gallery.clicktheGallery(Gallery.java:19)
at Com.Test.Gallery.clicktheGallery(Gallery.java:19)
at Com.Test.Gallery.clicktheGallery(Gallery.java:19)
at Com.Test.Gallery.clicktheGallery(Gallery.java:19)
at Com.Test.Gallery.clicktheGallery(Gallery.java:19)
at Com.Test.Gallery.clicktheGallery(Gallery.java:19)
at Com.Test.Gallery.clicktheGallery(Gallery.java:19)
at Com.Test.Gallery.clicktheGallery(Gallery.java:19)
at Com.Test.Gallery.clicktheGallery(Gallery.java:19)
at Com.Test.Gallery.clicktheGallery(Gallery.java:19)
at Com.Test.Gallery.clicktheGallery(Gallery.java:19)
at Com.Test.Gallery.clicktheGallery(Gallery.java:19)
at Com.Test.Gallery.clicktheGallery(Gallery.java:19)
at Com.Test.Gallery.clicktheGallery(Gallery.java:19)
at Com.Test.Gallery.clicktheGallery(Gallery.java:19)
at Com.Test.Gallery.clicktheGallery(Gallery.java:19)
at Com.Test.Gallery.clicktheGallery(Gallery.java:19)
at Com.Test.Gallery.clicktheGallery(Gallery.java:19)
at Com.Test.Gallery.clicktheGallery(Gallery.java:19)
at Com.Test.Gallery.clicktheGallery(Gallery.java:19)
at Com.Test.Gallery.clicktheGallery(Gallery.java:19)
at Com.Test.Gallery.clicktheGallery(Gallery.java:19)
at Com.Test.Gallery.clicktheGallery(Gallery.java:19)
at Com.Test.Gallery.clicktheGallery(Gallery.java:19)
at Com.Test.Gallery.clicktheGallery(Gallery.java:19)
at Com.Test.Gallery.clicktheGallery(Gallery.java:19)
at Com.Test.Gallery.clicktheGallery(Gallery.java:19)
at Com.Test.Gallery.clicktheGallery(Gallery.java:19)
at Com.Test.Gallery.clicktheGallery(Gallery.java:19)
at Com.Test.Gallery.clicktheGallery(Gallery.java:19)
at Com.Test.Gallery.clicktheGallery(Gallery.java:19)
at Com.Test.Gallery.clicktheGallery(Gallery.java:19)
at Com.Test.Gallery.clicktheGallery(Gallery.java:19)
at Com.Test.Gallery.clicktheGallery(Gallery.java:19)
at Com.Test.Gallery.clicktheGallery(Gallery.java:19)
at Com.Test.Gallery.clicktheGallery(Gallery.java:19)
at Com.Test.Gallery.clicktheGallery(Gallery.java:19)
at Com.Test.Gallery.clicktheGallery(Gallery.java:19)
at Com.Test.Gallery.clicktheGallery(Gallery.java:19)
at Com.Test.Gallery.clicktheGallery(Gallery.java:19)
at Com.Test.Gallery.clicktheGallery(Gallery.java:19)
at Com.Test.Gallery.clicktheGallery(Gallery.java:19)
at Com.Test.Gallery.clicktheGallery(Gallery.java:19)
at Com.Test.Gallery.clicktheGallery(Gallery.java:19)
at Com.Test.Gallery.clicktheGallery(Gallery.java:19)
at Com.Test.Gallery.clicktheGallery(Gallery.java:19)
at Com.Test.Gallery.clicktheGallery(Gallery.java:19)
at Com.Test.Gallery.clicktheGallery(Gallery.java:19)
at Com.Test.Gallery.clicktheGallery(Gallery.java:19)
at Com.Test.Gallery.clicktheGallery(Gallery.java:19)
at Com.Test.Gallery.clicktheGallery(Gallery.java:19)
at Com.Test.Gallery.clicktheGallery(Gallery.java:19)
at Com.Test.Gallery.clicktheGallery(Gallery.java:19)
at Com.Test.Gallery.clicktheGallery(Gallery.java:19)
at Com.Test.Gallery.clicktheGallery(Gallery.java:19)
at Com.Test.Gallery.clicktheGallery(Gallery.java:19)
at Com.Test.Gallery.clicktheGallery(Gallery.java:19)
at Com.Test.Gallery.clicktheGallery(Gallery.java:19)
at Com.Test.Gallery.clicktheGallery(Gallery.java:19)
at Com.Test.Gallery.clicktheGallery(Gallery.java:19)
at Com.Test.Gallery.clicktheGallery(Gallery.java:19)
at Com.Test.Gallery.clicktheGallery(Gallery.java:19)
at Com.Test.Gallery.clicktheGallery(Gallery.java:19)
at Com.Test.Gallery.clicktheGallery(Gallery.java:19)
at Com.Test.Gallery.clicktheGallery(Gallery.java:19)
at Com.Test.Gallery.clicktheGallery(Gallery.java:19)
at Com.Test.Gallery.clicktheGallery(Gallery.java:19)
at Com.Test.Gallery.clicktheGallery(Gallery.java:19)
at Com.Test.Gallery.clicktheGallery(Gallery.java:19)
at Com.Test.Gallery.clicktheGallery(Gallery.java:19)
at Com.Test.Gallery.clicktheGallery(Gallery.java:19)
at Com.Test.Gallery.clicktheGallery(Gallery.java:19)
at Com.Test.Gallery.clicktheGallery(Gallery.java:19)
at Com.Test.Gallery.clicktheGallery(Gallery.java:19)
at Com.Test.Gallery.clicktheGallery(Gallery.java:19)
at Com.Test.Gallery.clicktheGallery(Gallery.java:19)
at Com.Test.Gallery.clicktheGallery(Gallery.java:19)
at Com.Test.Gallery.clicktheGallery(Gallery.java:19)
at Com.Test.Gallery.clicktheGallery(Gallery.java:19)
at Com.Test.Gallery.clicktheGallery(Gallery.java:19)
at Com.Test.Gallery.clicktheGallery(Gallery.java:19)
at Com.Test.Gallery.clicktheGallery(Gallery.java:19)
at Com.Test.Gallery.clicktheGallery(Gallery.java:19)
at Com.Test.Gallery.clicktheGallery(Gallery.java:19)
at Com.Test.Gallery.clicktheGallery(Gallery.java:19)
at Com.Test.Gallery.clicktheGallery(Gallery.java:19)
at Com.Test.Gallery.clicktheGallery(Gallery.java:19)
at Com.Test.Gallery.clicktheGallery(Gallery.java:19)
at Com.Test.Gallery.clicktheGallery(Gallery.java:19)
at Com.Test.Gallery.clicktheGallery(Gallery.java:19)
at Com.Test.Gallery.clicktheGallery(Gallery.java:19)
at Com.Test.Gallery.clicktheGallery(Gallery.java:19)
at Com.Test.Gallery.clicktheGallery(Gallery.java:19)
at Com.Test.Gallery.clicktheGallery(Gallery.java:19)
at Com.Test.Gallery.clicktheGallery(Gallery.java:19)
at Com.Test.Gallery.clicktheGallery(Gallery.java:19)
at Com.Test.Gallery.clicktheGallery(Gallery.java:19)
at Com.Test.Gallery.clicktheGallery(Gallery.java:19)
at Com.Test.Gallery.clicktheGallery(Gallery.java:19)
at Com.Test.Gallery.clicktheGallery(Gallery.java:19)
at Com.Test.Gallery.clicktheGallery(Gallery.java:19)
at Com.Test.Gallery.clicktheGallery(Gallery.java:19)
at Com.Test.Gallery.clicktheGallery(Gallery.java:19)
at Com.Test.Gallery.clicktheGallery(Gallery.java:19)
at Com.Test.Gallery.clicktheGallery(Gallery.java:19)
at Com.Test.Gallery.clicktheGallery(Gallery.java:19)
at Com.Test.Gallery.clicktheGallery(Gallery.java:19)
at Com.Test.Gallery.clicktheGallery(Gallery.java:19)
at Com.Test.Gallery.clicktheGallery(Gallery.java:19)
at Com.Test.Gallery.clicktheGallery(Gallery.java:19)
at Com.Test.Gallery.clicktheGallery(Gallery.java:19)
at Com.Test.Gallery.clicktheGallery(Gallery.java:19)
at Com.Test.Gallery.clicktheGallery(Gallery.java:19)
at Com.Test.Gallery.clicktheGallery(Gallery.java:19)
at Com.Test.Gallery.clicktheGallery(Gallery.java:19)
at Com.Test.Gallery.clicktheGallery(Gallery.java:19)
at Com.Test.Gallery.clicktheGallery(Gallery.java:19)
at Com.Test.Gallery.clicktheGallery(Gallery.java:19)
at Com.Test.Gallery.clicktheGallery(Gallery.java:19)
at Com.Test.Gallery.clicktheGallery(Gallery.java:19)
at Com.Test.Gallery.clicktheGallery(Gallery.java:19)
at Com.Test.Gallery.clicktheGallery(Gallery.java:19)
at Com.Test.Gallery.clicktheGallery(Gallery.java:19)
at Com.Test.Gallery.clicktheGallery(Gallery.java:19)
at Com.Test.Gallery.clicktheGallery(Gallery.java:19)
at Com.Test.Gallery.clicktheGallery(Gallery.java:19)
at Com.Test.Gallery.clicktheGallery(Gallery.java:19)
at Com.Test.Gallery.clicktheGallery(Gallery.java:19)
at Com.Test.Gallery.clicktheGallery(Gallery.java:19)
at Com.Test.Gallery.clicktheGallery(Gallery.java:19)
at Com.Test.Gallery.clicktheGallery(Gallery.java:19)
at Com.Test.Gallery.clicktheGallery(Gallery.java:19)
at Com.Test.Gallery.clicktheGallery(Gallery.java:19)
at Com.Test.Gallery.clicktheGallery(Gallery.java:19)
at Com.Test.Gallery.clicktheGallery(Gallery.java:19)
at Com.Test.Gallery.clicktheGallery(Gallery.java:19)
at Com.Test.Gallery.clicktheGallery(Gallery.java:19)
at Com.Test.Gallery.clicktheGallery(Gallery.java:19)
at Com.Test.Gallery.clicktheGallery(Gallery.java:19)
at Com.Test.Gallery.clicktheGallery(Gallery.java:19)
at Com.Test.Gallery.clicktheGallery(Gallery.java:19)
at Com.Test.Gallery.clicktheGallery(Gallery.java:19)
at Com.Test.Gallery.clicktheGallery(Gallery.java:19)
at Com.Test.Gallery.clicktheGallery(Gallery.java:19)
at Com.Test.Gallery.clicktheGallery(Gallery.java:19)
at Com.Test.Gallery.clicktheGallery(Gallery.java:19)
at Com.Test.Gallery.clicktheGallery(Gallery.java:19)
at Com.Test.Gallery.clicktheGallery(Gallery.java:19)
at Com.Test.Gallery.clicktheGallery(Gallery.java:19)
at Com.Test.Gallery.clicktheGallery(Gallery.java:19)
at Com.Test.Gallery.clicktheGallery(Gallery.java:19)
at Com.Test.Gallery.clicktheGallery(Gallery.java:19)
at Com.Test.Gallery.clicktheGallery(Gallery.java:19)
at Com.Test.Gallery.clicktheGallery(Gallery.java:19)
at Com.Test.Gallery.clicktheGallery(Gallery.java:19)
at Com.Test.Gallery.clicktheGallery(Gallery.java:19)
at Com.Test.Gallery.clicktheGallery(Gallery.java:19)
at Com.Test.Gallery.clicktheGallery(Gallery.java:19)
at Com.Test.Gallery.clicktheGallery(Gallery.java:19)
at Com.Test.Gallery.clicktheGallery(Gallery.java:19)
at Com.Test.Gallery.clicktheGallery(Gallery.java:19)
at Com.Test.Gallery.clicktheGallery(Gallery.java:19)
at Com.Test.Gallery.clicktheGallery(Gallery.java:19)
at Com.Test.Gallery.clicktheGallery(Gallery.java:19)
at Com.Test.Gallery.clicktheGallery(Gallery.java:19)
at Com.Test.Gallery.clicktheGallery(Gallery.java:19)
at Com.Test.Gallery.clicktheGallery(Gallery.java:19)
at Com.Test.Gallery.clicktheGallery(Gallery.java:19)
at Com.Test.Gallery.clicktheGallery(Gallery.java:19)
at Com.Test.Gallery.clicktheGallery(Gallery.java:19)
at Com.Test.Gallery.clicktheGallery(Gallery.java:19)
at Com.Test.Gallery.clicktheGallery(Gallery.java:19)
at Com.Test.Gallery.clicktheGallery(Gallery.java:19)
at Com.Test.Gallery.clicktheGallery(Gallery.java:19)
at Com.Test.Gallery.clicktheGallery(Gallery.java:19)
at Com.Test.Gallery.clicktheGallery(Gallery.java:19)
at Com.Test.Gallery.clicktheGallery(Gallery.java:19)
at Com.Test.Gallery.clicktheGallery(Gallery.java:19)
at Com.Test.Gallery.clicktheGallery(Gallery.java:19)
at Com.Test.Gallery.clicktheGallery(Gallery.java:19)
at Com.Test.Gallery.clicktheGallery(Gallery.java:19)
at Com.Test.Gallery.clicktheGallery(Gallery.java:19)
at Com.Test.Gallery.clicktheGallery(Gallery.java:19)
at Com.Test.Gallery.clicktheGallery(Gallery.java:19)
at Com.Test.Gallery.clicktheGallery(Gallery.java:19)
at Com.Test.Gallery.clicktheGallery(Gallery.java:19)
at Com.Test.Gallery.clicktheGallery(Gallery.java:19)
at Com.Test.Gallery.clicktheGallery(Gallery.java:19)
at Com.Test.Gallery.clicktheGallery(Gallery.java:19)
at Com.Test.Gallery.clicktheGallery(Gallery.java:19)
at Com.Test.Gallery.clicktheGallery(Gallery.java:19)
at Com.Test.Gallery.clicktheGallery(Gallery.java:19)
at Com.Test.Gallery.clicktheGallery(Gallery.java:19)
at Com.Test.Gallery.clicktheGallery(Gallery.java:19)
at Com.Test.Gallery.clicktheGallery(Gallery.java:19)
at Com.Test.Gallery.clicktheGallery(Gallery.java:19)
at Com.Test.Gallery.clicktheGallery(Gallery.java:19)
at Com.Test.Gallery.clicktheGallery(Gallery.java:19)
at Com.Test.Gallery.clicktheGallery(Gallery.java:19)
at Com.Test.Gallery.clicktheGallery(Gallery.java:19)
at Com.Test.Gallery.clicktheGallery(Gallery.java:19)
at Com.Test.Gallery.clicktheGallery(Gallery.java:19)
at Com.Test.Gallery.clicktheGallery(Gallery.java:19)
at Com.Test.Gallery.clicktheGallery(Gallery.java:19)
at Com.Test.Gallery.clicktheGallery(Gallery.java:19)
at Com.Test.Gallery.clicktheGallery(Gallery.java:19)
at Com.Test.Gallery.clicktheGallery(Gallery.java:19)
at Com.Test.Gallery.clicktheGallery(Gallery.java:19)
at Com.Test.Gallery.clicktheGallery(Gallery.java:19)
at Com.Test.Gallery.clicktheGallery(Gallery.java:19)
at Com.Test.Gallery.clicktheGallery(Gallery.java:19)
at Com.Test.Gallery.clicktheGallery(Gallery.java:19)
at Com.Test.Gallery.clicktheGallery(Gallery.java:19)
at Com.Test.Gallery.clicktheGallery(Gallery.java:19)
at Com.Test.Gallery.clicktheGallery(Gallery.java:19)
at Com.Test.Gallery.clicktheGallery(Gallery.java:19)
at Com.Test.Gallery.clicktheGallery(Gallery.java:19)
at Com.Test.Gallery.clicktheGallery(Gallery.java:19)
at Com.Test.Gallery.clicktheGallery(Gallery.java:19)
at Com.Test.Gallery.clicktheGallery(Gallery.java:19)
at Com.Test.Gallery.clicktheGallery(Gallery.java:19)
at Com.Test.Gallery.clicktheGallery(Gallery.java:19)
at Com.Test.Gallery.clicktheGallery(Gallery.java:19)
at Com.Test.Gallery.clicktheGallery(Gallery.java:19)
at Com.Test.Gallery.clicktheGallery(Gallery.java:19)
at Com.Test.Gallery.clicktheGallery(Gallery.java:19)
at Com.Test.Gallery.clicktheGallery(Gallery.java:19)
at Com.Test.Gallery.clicktheGallery(Gallery.java:19)
at Com.Test.Gallery.clicktheGallery(Gallery.java:19)
at Com.Test.Gallery.clicktheGallery(Gallery.java:19)
at Com.Test.Gallery.clicktheGallery(Gallery.java:19)
at Com.Test.Gallery.clicktheGallery(Gallery.java:19)
at Com.Test.Gallery.clicktheGallery(Gallery.java:19)
at Com.Test.Gallery.clicktheGallery(Gallery.java:19)
at Com.Test.Gallery.clicktheGallery(Gallery.java:19)
at Com.Test.Gallery.clicktheGallery(Gallery.java:19)
at Com.Test.Gallery.clicktheGallery(Gallery.java:19)
at Com.Test.Gallery.clicktheGallery(Gallery.java:19)
at Com.Test.Gallery.clicktheGallery(Gallery.java:19)
at Com.Test.Gallery.clicktheGallery(Gallery.java:19)
at Com.Test.Gallery.clicktheGallery(Gallery.java:19)
at Com.Test.Gallery.clicktheGallery(Gallery.java:19)
at Com.Test.Gallery.clicktheGallery(Gallery.java:19)
at Com.Test.Gallery.clicktheGallery(Gallery.java:19)
at Com.Test.Gallery.clicktheGallery(Gallery.java:19)
at Com.Test.Gallery.clicktheGallery(Gallery.java:19)
at Com.Test.Gallery.clicktheGallery(Gallery.java:19)
at Com.Test.Gallery.clicktheGallery(Gallery.java:19)
at Com.Test.Gallery.clicktheGallery(Gallery.java:19)
at Com.Test.Gallery.clicktheGallery(Gallery.java:19)
at Com.Test.Gallery.clicktheGallery(Gallery.java:19)
at Com.Test.Gallery.clicktheGallery(Gallery.java:19)
at Com.Test.Gallery.clicktheGallery(Gallery.java:19)
at Com.Test.Gallery.clicktheGallery(Gallery.java:19)
at Com.Test.Gallery.clicktheGallery(Gallery.java:19)
at Com.Test.Gallery.clicktheGallery(Gallery.java:19)
at Com.Test.Gallery.clicktheGallery(Gallery.java:19)
at Com.Test.Gallery.clicktheGallery(Gallery.java:19)
at Com.Test.Gallery.clicktheGallery(Gallery.java:19)
at Com.Test.Gallery.clicktheGallery(Gallery.java:19)
at Com.Test.Gallery.clicktheGallery(Gallery.java:19)
at Com.Test.Gallery.clicktheGallery(Gallery.java:19)
at Com.Test.Gallery.clicktheGallery(Gallery.java:19)
at Com.Test.Gallery.clicktheGallery(Gallery.java:19)
at Com.Test.Gallery.clicktheGallery(Gallery.java:19)
at Com.Test.Gallery.clicktheGallery(Gallery.java:19)
at Com.Test.Gallery.clicktheGallery(Gallery.java:19)
at Com.Test.Gallery.clicktheGallery(Gallery.java:19)
at Com.Test.Gallery.clicktheGallery(Gallery.java:19)
at Com.Test.Gallery.clicktheGallery(Gallery.java:19)
at Com.Test.Gallery.clicktheGallery(Gallery.java:19)
at Com.Test.Gallery.clicktheGallery(Gallery.java:19)
at Com.Test.Gallery.clicktheGallery(Gallery.java:19)
at Com.Test.Gallery.clicktheGallery(Gallery.java:19)
at Com.Test.Gallery.clicktheGallery(Gallery.java:19)
at Com.Test.Gallery.clicktheGallery(Gallery.java:19)
at Com.Test.Gallery.clicktheGallery(Gallery.java:19)
at Com.Test.Gallery.clicktheGallery(Gallery.java:19)
at Com.Test.Gallery.clicktheGallery(Gallery.java:19)
at Com.Test.Gallery.clicktheGallery(Gallery.java:19)
at Com.Test.Gallery.clicktheGallery(Gallery.java:19)
at Com.Test.Gallery.clicktheGallery(Gallery.java:19)
at Com.Test.Gallery.clicktheGallery(Gallery.java:19)
at Com.Test.Gallery.clicktheGallery(Gallery.java:19)
at Com.Test.Gallery.clicktheGallery(Gallery.java:19)
at Com.Test.Gallery.clicktheGallery(Gallery.java:19)
at Com.Test.Gallery.clicktheGallery(Gallery.java:19)
at Com.Test.Gallery.clicktheGallery(Gallery.java:19)
at Com.Test.Gallery.clicktheGallery(Gallery.java:19)
at Com.Test.Gallery.clicktheGallery(Gallery.java:19)
at Com.Test.Gallery.clicktheGallery(Gallery.java:19)
at Com.Test.Gallery.clicktheGallery(Gallery.java:19)
at Com.Test.Gallery.clicktheGallery(Gallery.java:19)
at Com.Test.Gallery.clicktheGallery(Gallery.java:19)
at Com.Test.Gallery.clicktheGallery(Gallery.java:19)
at Com.Test.Gallery.clicktheGallery(Gallery.java:19)
at Com.Test.Gallery.clicktheGallery(Gallery.java:19)
at Com.Test.Gallery.clicktheGallery(Gallery.java:19)
at Com.Test.Gallery.clicktheGallery(Gallery.java:19)
at Com.Test.Gallery.clicktheGallery(Gallery.java:19)
at Com.Test.Gallery.clicktheGallery(Gallery.java:19)
at Com.Test.Gallery.clicktheGallery(Gallery.java:19)
at Com.Test.Gallery.clicktheGallery(Gallery.java:19)
at Com.Test.Gallery.clicktheGallery(Gallery.java:19)
at Com.Test.Gallery.clicktheGallery(Gallery.java:19)
at Com.Test.Gallery.clicktheGallery(Gallery.java:19)
at Com.Test.Gallery.clicktheGallery(Gallery.java:19)
at Com.Test.Gallery.clicktheGallery(Gallery.java:19)
at Com.Test.Gallery.clicktheGallery(Gallery.java:19)
at Com.Test.Gallery.clicktheGallery(Gallery.java:19)
at Com.Test.Gallery.clicktheGallery(Gallery.java:19)
at Com.Test.Gallery.clicktheGallery(Gallery.java:19)
at Com.Test.Gallery.clicktheGallery(Gallery.java:19)
at Com.Test.Gallery.clicktheGallery(Gallery.java:19)
at Com.Test.Gallery.clicktheGallery(Gallery.java:19)
at Com.Test.Gallery.clicktheGallery(Gallery.java:19)
at Com.Test.Gallery.clicktheGallery(Gallery.java:19)
at Com.Test.Gallery.clicktheGallery(Gallery.java:19)
at Com.Test.Gallery.clicktheGallery(Gallery.java:19)
at Com.Test.Gallery.clicktheGallery(Gallery.java:19)
at Com.Test.Gallery.clicktheGallery(Gallery.java:19)
at Com.Test.Gallery.clicktheGallery(Gallery.java:19)
at Com.Test.Gallery.clicktheGallery(Gallery.java:19)
at Com.Test.Gallery.clicktheGallery(Gallery.java:19)
at Com.Test.Gallery.clicktheGallery(Gallery.java:19)
at Com.Test.Gallery.clicktheGallery(Gallery.java:19)
at Com.Test.Gallery.clicktheGallery(Gallery.java:19)
at Com.Test.Gallery.clicktheGallery(Gallery.java:19)
at Com.Test.Gallery.clicktheGallery(Gallery.java:19)
at Com.Test.Gallery.clicktheGallery(Gallery.java:19)
at Com.Test.Gallery.clicktheGallery(Gallery.java:19)
at Com.Test.Gallery.clicktheGallery(Gallery.java:19)
at Com.Test.Gallery.clicktheGallery(Gallery.java:19)
at Com.Test.Gallery.clicktheGallery(Gallery.java:19)
at Com.Test.Gallery.clicktheGallery(Gallery.java:19)
at Com.Test.Gallery.clicktheGallery(Gallery.java:19)
at Com.Test.Gallery.clicktheGallery(Gallery.java:19)
at Com.Test.Gallery.clicktheGallery(Gallery.java:19)
at Com.Test.Gallery.clicktheGallery(Gallery.java:19)
at Com.Test.Gallery.clicktheGallery(Gallery.java:19)
at Com.Test.Gallery.clicktheGallery(Gallery.java:19)
at Com.Test.Gallery.clicktheGallery(Gallery.java:19)
at Com.Test.Gallery.clicktheGallery(Gallery.java:19)
at Com.Test.Gallery.clicktheGallery(Gallery.java:19)
at Com.Test.Gallery.clicktheGallery(Gallery.java:19)
at Com.Test.Gallery.clicktheGallery(Gallery.java:19)
at Com.Test.Gallery.clicktheGallery(Gallery.java:19)
at Com.Test.Gallery.clicktheGallery(Gallery.java:19)
at Com.Test.Gallery.clicktheGallery(Gallery.java:19)
at Com.Test.Gallery.clicktheGallery(Gallery.java:19)
at Com.Test.Gallery.clicktheGallery(Gallery.java:19)
at Com.Test.Gallery.clicktheGallery(Gallery.java:19)
at Com.Test.Gallery.clicktheGallery(Gallery.java:19)
at Com.Test.Gallery.clicktheGallery(Gallery.java:19)
at Com.Test.Gallery.clicktheGallery(Gallery.java:19)
at Com.Test.Gallery.clicktheGallery(Gallery.java:19)
at Com.Test.Gallery.clicktheGallery(Gallery.java:19)
at Com.Test.Gallery.clicktheGallery(Gallery.java:19)
at Com.Test.Gallery.clicktheGallery(Gallery.java:19)
at Com.Test.Gallery.clicktheGallery(Gallery.java:19)
at Com.Test.Gallery.clicktheGallery(Gallery.java:19)
at Com.Test.Gallery.clicktheGallery(Gallery.java:19)
at Com.Test.Gallery.clicktheGallery(Gallery.java:19)
at Com.Test.Gallery.clicktheGallery(Gallery.java:19)
at Com.Test.Gallery.clicktheGallery(Gallery.java:19)
at Com.Test.Gallery.clicktheGallery(Gallery.java:19)
at Com.Test.Gallery.clicktheGallery(Gallery.java:19)
at Com.Test.Gallery.clicktheGallery(Gallery.java:19)
at Com.Test.Gallery.clicktheGallery(Gallery.java:19)
at Com.Test.Gallery.clicktheGallery(Gallery.java:19)
at Com.Test.Gallery.clicktheGallery(Gallery.java:19)
at Com.Test.Gallery.clicktheGallery(Gallery.java:19)
at Com.Test.Gallery.clicktheGallery(Gallery.java:19)
at Com.Test.Gallery.clicktheGallery(Gallery.java:19)
at Com.Test.Gallery.clicktheGallery(Gallery.java:19)
at Com.Test.Gallery.clicktheGallery(Gallery.java:19)
at Com.Test.Gallery.clicktheGallery(Gallery.java:19)
at Com.Test.Gallery.clicktheGallery(Gallery.java:19)
at Com.Test.Gallery.clicktheGallery(Gallery.java:19)
at Com.Test.Gallery.clicktheGallery(Gallery.java:19)
at Com.Test.Gallery.clicktheGallery(Gallery.java:19)
at Com.Test.Gallery.clicktheGallery(Gallery.java:19)
at Com.Test.Gallery.clicktheGallery(Gallery.java:19)
at Com.Test.Gallery.clicktheGallery(Gallery.java:19)
at Com.Test.Gallery.clicktheGallery(Gallery.java:19)
at Com.Test.Gallery.clicktheGallery(Gallery.java:19)
at Com.Test.Gallery.clicktheGallery(Gallery.java:19)
at Com.Test.Gallery.clicktheGallery(Gallery.java:19)
at Com.Test.Gallery.clicktheGallery(Gallery.java:19)
at Com.Test.Gallery.clicktheGallery(Gallery.java:19)
at Com.Test.Gallery.clicktheGallery(Gallery.java:19)
at Com.Test.Gallery.clicktheGallery(Gallery.java:19)
at Com.Test.Gallery.clicktheGallery(Gallery.java:19)
at Com.Test.Gallery.clicktheGallery(Gallery.java:19)
at Com.Test.Gallery.clicktheGallery(Gallery.java:19)
at Com.Test.Gallery.clicktheGallery(Gallery.java:19)
at Com.Test.Gallery.clicktheGallery(Gallery.java:19)
at Com.Test.Gallery.clicktheGallery(Gallery.java:19)
at Com.Test.Gallery.clicktheGallery(Gallery.java:19)
at Com.Test.Gallery.clicktheGallery(Gallery.java:19)
at Com.Test.Gallery.clicktheGallery(Gallery.java:19)
at Com.Test.Gallery.clicktheGallery(Gallery.java:19)
at Com.Test.Gallery.clicktheGallery(Gallery.java:19)
at Com.Test.Gallery.clicktheGallery(Gallery.java:19)
at Com.Test.Gallery.clicktheGallery(Gallery.java:19)
at Com.Test.Gallery.clicktheGallery(Gallery.java:19)
at Com.Test.Gallery.clicktheGallery(Gallery.java:19)
at Com.Test.Gallery.clicktheGallery(Gallery.java:19)
at Com.Test.Gallery.clicktheGallery(Gallery.java:19)
at Com.Test.Gallery.clicktheGallery(Gallery.java:19)
at Com.Test.Gallery.clicktheGallery(Gallery.java:19)
at Com.Test.Gallery.clicktheGallery(Gallery.java:19)
at Com.Test.Gallery.clicktheGallery(Gallery.java:19)
at Com.Test.Gallery.clicktheGallery(Gallery.java:19)
at Com.Test.Gallery.clicktheGallery(Gallery.java:19)
at Com.Test.Gallery.clicktheGallery(Gallery.java:19)
at Com.Test.Gallery.clicktheGallery(Gallery.java:19)
at Com.Test.Gallery.clicktheGallery(Gallery.java:19)
at Com.Test.Gallery.clicktheGallery(Gallery.java:19)
at Com.Test.Gallery.clicktheGallery(Gallery.java:19)
at Com.Test.Gallery.clicktheGallery(Gallery.java:19)
at Com.Test.Gallery.clicktheGallery(Gallery.java:19)
at Com.Test.Gallery.clicktheGallery(Gallery.java:19)
at Com.Test.Gallery.clicktheGallery(Gallery.java:19)
at Com.Test.Gallery.clicktheGallery(Gallery.java:19)
at Com.Test.Gallery.clicktheGallery(Gallery.java:19)
at Com.Test.Gallery.clicktheGallery(Gallery.java:19)
at Com.Test.Gallery.clicktheGallery(Gallery.java:19)
at Com.Test.Gallery.clicktheGallery(Gallery.java:19)
at Com.Test.Gallery.clicktheGallery(Gallery.java:19)
at Com.Test.Gallery.clicktheGallery(Gallery.java:19)
at Com.Test.Gallery.clicktheGallery(Gallery.java:19)
at Com.Test.Gallery.clicktheGallery(Gallery.java:19)
at Com.Test.Gallery.clicktheGallery(Gallery.java:19)
at Com.Test.Gallery.clicktheGallery(Gallery.java:19)
at Com.Test.Gallery.clicktheGallery(Gallery.java:19)
at Com.Test.Gallery.clicktheGallery(Gallery.java:19)
]]>
    </error>
  </testcase> <!-- clicktheGallery -->
  <system-out/>
</testsuite> <!-- Com.Test.Gallery -->
