<?xml version="1.0" encoding="UTF-8"?>
<!-- Generated by org.testng.reporters.JUnitReportReporter -->
<testsuite hostname="DELL-RnD" failures="0" tests="13" name="Com.Test.FooterTest" time="73.298" errors="0" timestamp="2023-03-11T16:35:00 IST" skipped="0">
  <testcase classname="Com.Test.FooterTest" name="navigate" time="10.502"/>
  <system-out/>
  <testcase classname="Com.Test.FooterTest" name="navigate1" time="13.304"/>
  <system-out/>
  <testcase classname="Com.Test.FooterTest" name="navigate2" time="6.735"/>
  <system-out/>
  <testcase classname="Com.Test.FooterTest" name="navigate3" time="12.045"/>
  <system-out/>
  <testcase classname="Com.Test.FooterTest" name="testAboutUs" time="3.436"/>
  <system-out/>
  <testcase classname="Com.Test.FooterTest" name="testEvents" time="2.757"/>
  <system-out/>
  <testcase classname="Com.Test.FooterTest" name="testTestimonials" time="3.561"/>
  <system-out/>
  <testcase classname="Com.Test.FooterTest" name="testGallary" time="2.953"/>
  <system-out/>
  <testcase classname="Com.Test.FooterTest" name="testHelpCenter" time="2.773"/>
  <system-out/>
  <testcase classname="Com.Test.FooterTest" name="testOffice_Address" time="3.508"/>
  <system-out/>
  <testcase classname="Com.Test.FooterTest" name="testBecome_a_Partner" time="2.554"/>
  <system-out/>
  <testcase classname="Com.Test.FooterTest" name="testDonation" time="5.716"/>
  <system-out/>
  <testcase classname="Com.Test.FooterTest" name="testFeedback" time="3.454"/>
  <system-out/>
</testsuite> <!-- Com.Test.FooterTest -->
